<?xml version="1.0" encoding="UTF-8"?>
<!-- Generated by org.testng.reporters.JUnitReportReporter -->
<testsuite hostname="HMECL008446" failures="0" tests="1" name="com.api.Testing.DeleteClass" time="2.711" errors="0" timestamp="2023-12-01T00:16:59 IST" skipped="0">
  <testcase classname="com.api.Testing.DeleteClass" name="test1" time="2.711"/>
  <system-out/>
</testsuite> <!-- com.api.Testing.DeleteClass -->
