<?xml version="1.0" encoding="UTF-8"?>
<!-- Generated by org.testng.reporters.JUnitReportReporter -->
<testsuite hostname="HMECL008446" failures="0" tests="1" name="com.rough.Testing.TestGET" time="2.437" errors="0" timestamp="2023-11-29T23:06:21 IST" skipped="0">
  <testcase classname="com.rough.Testing.TestGET" name="getById" time="2.437"/>
  <system-out/>
</testsuite> <!-- com.rough.Testing.TestGET -->
