<?xml version="1.0" encoding="UTF-8"?>
<!-- Generated by org.testng.reporters.JUnitReportReporter -->
<testsuite hostname="HMECL008446" failures="0" tests="1" name="com.api.Testing.PostClass" time="2.873" errors="0" timestamp="2023-12-01T00:27:58 IST" skipped="0">
  <testcase classname="com.api.Testing.PostClass" name="test1" time="2.873"/>
  <system-out/>
</testsuite> <!-- com.api.Testing.PostClass -->
