<?xml version="1.0" encoding="UTF-8"?>
<!-- Generated by org.testng.reporters.JUnitReportReporter -->
<testsuite hostname="HMECL008446" failures="0" tests="1" name="com.api.Testing.GetClass" time="1.711" errors="0" timestamp="2023-12-01T00:06:17 IST" skipped="0">
  <testcase classname="com.api.Testing.GetClass" name="test1" time="1.711"/>
  <system-out/>
</testsuite> <!-- com.api.Testing.GetClass -->
