<?xml version="1.0" encoding="UTF-8"?>
<!-- Generated by org.testng.reporters.JUnitReportReporter -->
<testsuite hostname="HMECL008446" failures="0" tests="1" name="com.api.Testing.PatchClass" time="2.572" errors="0" timestamp="2023-12-01T00:31:58 IST" skipped="0">
  <testcase classname="com.api.Testing.PatchClass" name="test1" time="2.572"/>
  <system-out/>
</testsuite> <!-- com.api.Testing.PatchClass -->
